0 info it worked if it ends with ok
1 verbose cli [ '/usr/local/bin/node', '/usr/local/bin/npm', 'install' ]
2 info using npm@4.1.2
3 info using node@v7.7.0
4 silly loadCurrentTree Starting
5 silly install loadCurrentTree
6 silly install readLocalPackageData
7 silly install normalizeTree
8 silly loadCurrentTree Finishing
9 silly loadIdealTree Starting
10 silly install loadIdealTree
11 silly cloneCurrentTree Starting
12 silly install cloneCurrentTreeToIdealTree
13 silly cloneCurrentTree Finishing
14 silly loadShrinkwrap Starting
15 silly install loadShrinkwrap
16 silly loadShrinkwrap Finishing
17 silly loadAllDepsIntoIdealTree Starting
18 silly install loadAllDepsIntoIdealTree
19 silly fetchNamedPackageData gulp
20 silly mapToRegistry name gulp
21 silly mapToRegistry using default registry
22 silly mapToRegistry registry https://registry.npmjs.org/
23 silly mapToRegistry data Result {
23 silly mapToRegistry   raw: 'gulp',
23 silly mapToRegistry   scope: null,
23 silly mapToRegistry   escapedName: 'gulp',
23 silly mapToRegistry   name: 'gulp',
23 silly mapToRegistry   rawSpec: '',
23 silly mapToRegistry   spec: 'latest',
23 silly mapToRegistry   type: 'tag' }
24 silly mapToRegistry uri https://registry.npmjs.org/gulp
25 verbose get https://registry.npmjs.org/gulp not expired, no request
26 silly pickManifestFromRegistryMetadata spec 4.0.0-alpha.2 tag latest versions [ '0.0.1',
26 silly pickManifestFromRegistryMetadata   '0.0.2',
26 silly pickManifestFromRegistryMetadata   '0.0.3',
26 silly pickManifestFromRegistryMetadata   '0.0.4',
26 silly pickManifestFromRegistryMetadata   '0.0.5',
26 silly pickManifestFromRegistryMetadata   '0.0.7',
26 silly pickManifestFromRegistryMetadata   '0.0.8',
26 silly pickManifestFromRegistryMetadata   '0.0.9',
26 silly pickManifestFromRegistryMetadata   '0.1.0',
26 silly pickManifestFromRegistryMetadata   '0.2.0',
26 silly pickManifestFromRegistryMetadata   '1.0.0',
26 silly pickManifestFromRegistryMetadata   '1.1.0',
26 silly pickManifestFromRegistryMetadata   '1.2.0',
26 silly pickManifestFromRegistryMetadata   '1.2.1',
26 silly pickManifestFromRegistryMetadata   '2.0.0',
26 silly pickManifestFromRegistryMetadata   '2.0.1',
26 silly pickManifestFromRegistryMetadata   '2.1.0',
26 silly pickManifestFromRegistryMetadata   '2.2.0',
26 silly pickManifestFromRegistryMetadata   '2.3.0',
26 silly pickManifestFromRegistryMetadata   '2.4.0',
26 silly pickManifestFromRegistryMetadata   '2.4.1',
26 silly pickManifestFromRegistryMetadata   '2.6.0',
26 silly pickManifestFromRegistryMetadata   '2.6.1',
26 silly pickManifestFromRegistryMetadata   '2.7.0',
26 silly pickManifestFromRegistryMetadata   '3.0.0',
26 silly pickManifestFromRegistryMetadata   '3.1.1',
26 silly pickManifestFromRegistryMetadata   '3.1.2',
26 silly pickManifestFromRegistryMetadata   '3.1.3',
26 silly pickManifestFromRegistryMetadata   '3.1.4',
26 silly pickManifestFromRegistryMetadata   '3.2.0',
26 silly pickManifestFromRegistryMetadata   '3.2.1',
26 silly pickManifestFromRegistryMetadata   '3.2.2',
26 silly pickManifestFromRegistryMetadata   '3.2.3',
26 silly pickManifestFromRegistryMetadata   '3.2.4',
26 silly pickManifestFromRegistryMetadata   '3.2.5',
26 silly pickManifestFromRegistryMetadata   '3.3.0',
26 silly pickManifestFromRegistryMetadata   '3.3.1',
26 silly pickManifestFromRegistryMetadata   '3.3.2',
26 silly pickManifestFromRegistryMetadata   '3.3.4',
26 silly pickManifestFromRegistryMetadata   '3.4.0',
26 silly pickManifestFromRegistryMetadata   '3.5.0',
26 silly pickManifestFromRegistryMetadata   '3.5.1',
26 silly pickManifestFromRegistryMetadata   '3.5.2',
26 silly pickManifestFromRegistryMetadata   '3.5.5',
26 silly pickManifestFromRegistryMetadata   '3.5.6',
26 silly pickManifestFromRegistryMetadata   '3.6.0',
26 silly pickManifestFromRegistryMetadata   '3.6.1',
26 silly pickManifestFromRegistryMetadata   '3.6.2',
26 silly pickManifestFromRegistryMetadata   '3.7.0',
26 silly pickManifestFromRegistryMetadata   '3.8.0',
26 silly pickManifestFromRegistryMetadata   '3.8.1',
26 silly pickManifestFromRegistryMetadata   '3.8.2',
26 silly pickManifestFromRegistryMetadata   '3.8.3',
26 silly pickManifestFromRegistryMetadata   '3.8.4',
26 silly pickManifestFromRegistryMetadata   '3.8.5',
26 silly pickManifestFromRegistryMetadata   '3.8.6',
26 silly pickManifestFromRegistryMetadata   '3.8.7',
26 silly pickManifestFromRegistryMetadata   '3.8.8',
26 silly pickManifestFromRegistryMetadata   '3.8.9',
26 silly pickManifestFromRegistryMetadata   '3.8.10',
26 silly pickManifestFromRegistryMetadata   '3.8.11',
26 silly pickManifestFromRegistryMetadata   '3.9.0',
26 silly pickManifestFromRegistryMetadata   '3.9.1' ]
27 silly fetchNamedPackageData No valid target from cache, forcing network
28 verbose request uri https://registry.npmjs.org/gulp
29 verbose request no auth needed
30 info attempt registry request try #1 at 5:07:35 PM
31 verbose request id 0feff5a9804e507c
32 http request GET https://registry.npmjs.org/gulp
33 http 200 https://registry.npmjs.org/gulp
34 verbose headers { server: 'nginx/1.10.1',
34 verbose headers   'content-type': 'application/json',
34 verbose headers   'last-modified': 'Wed, 24 May 2017 14:48:07 GMT',
34 verbose headers   etag: 'W/"59259d27-1d3d4"',
34 verbose headers   'content-encoding': 'gzip',
34 verbose headers   'cache-control': 'max-age=300',
34 verbose headers   'content-length': '17699',
34 verbose headers   'accept-ranges': 'bytes',
34 verbose headers   date: 'Wed, 24 May 2017 21:07:36 GMT',
34 verbose headers   via: '1.1 varnish',
34 verbose headers   age: '132',
34 verbose headers   connection: 'keep-alive',
34 verbose headers   'x-served-by': 'cache-jfk8123-JFK',
34 verbose headers   'x-cache': 'HIT',
34 verbose headers   'x-cache-hits': '2',
34 verbose headers   'x-timer': 'S1495660056.002873,VS0,VE0',
34 verbose headers   vary: 'Accept-Encoding' }
35 silly get cb [ 200,
35 silly get   { server: 'nginx/1.10.1',
35 silly get     'content-type': 'application/json',
35 silly get     'last-modified': 'Wed, 24 May 2017 14:48:07 GMT',
35 silly get     etag: 'W/"59259d27-1d3d4"',
35 silly get     'content-encoding': 'gzip',
35 silly get     'cache-control': 'max-age=300',
35 silly get     'content-length': '17699',
35 silly get     'accept-ranges': 'bytes',
35 silly get     date: 'Wed, 24 May 2017 21:07:36 GMT',
35 silly get     via: '1.1 varnish',
35 silly get     age: '132',
35 silly get     connection: 'keep-alive',
35 silly get     'x-served-by': 'cache-jfk8123-JFK',
35 silly get     'x-cache': 'HIT',
35 silly get     'x-cache-hits': '2',
35 silly get     'x-timer': 'S1495660056.002873,VS0,VE0',
35 silly get     vary: 'Accept-Encoding' } ]
36 verbose get saving gulp to /home/amoldavsky/.npm/registry.npmjs.org/gulp/.cache.json
37 verbose correctMkdir /home/amoldavsky/.npm correctMkdir not in flight; initializing
38 silly pickManifestFromRegistryMetadata spec 4.0.0-alpha.2 tag latest versions [ '0.0.1',
38 silly pickManifestFromRegistryMetadata   '0.0.2',
38 silly pickManifestFromRegistryMetadata   '0.0.3',
38 silly pickManifestFromRegistryMetadata   '0.0.4',
38 silly pickManifestFromRegistryMetadata   '0.0.5',
38 silly pickManifestFromRegistryMetadata   '0.0.7',
38 silly pickManifestFromRegistryMetadata   '0.0.8',
38 silly pickManifestFromRegistryMetadata   '0.0.9',
38 silly pickManifestFromRegistryMetadata   '0.1.0',
38 silly pickManifestFromRegistryMetadata   '0.2.0',
38 silly pickManifestFromRegistryMetadata   '1.0.0',
38 silly pickManifestFromRegistryMetadata   '1.1.0',
38 silly pickManifestFromRegistryMetadata   '1.2.0',
38 silly pickManifestFromRegistryMetadata   '1.2.1',
38 silly pickManifestFromRegistryMetadata   '2.0.0',
38 silly pickManifestFromRegistryMetadata   '2.0.1',
38 silly pickManifestFromRegistryMetadata   '2.1.0',
38 silly pickManifestFromRegistryMetadata   '2.2.0',
38 silly pickManifestFromRegistryMetadata   '2.3.0',
38 silly pickManifestFromRegistryMetadata   '2.4.0',
38 silly pickManifestFromRegistryMetadata   '2.4.1',
38 silly pickManifestFromRegistryMetadata   '2.6.0',
38 silly pickManifestFromRegistryMetadata   '2.6.1',
38 silly pickManifestFromRegistryMetadata   '2.7.0',
38 silly pickManifestFromRegistryMetadata   '3.0.0',
38 silly pickManifestFromRegistryMetadata   '3.1.1',
38 silly pickManifestFromRegistryMetadata   '3.1.2',
38 silly pickManifestFromRegistryMetadata   '3.1.3',
38 silly pickManifestFromRegistryMetadata   '3.1.4',
38 silly pickManifestFromRegistryMetadata   '3.2.0',
38 silly pickManifestFromRegistryMetadata   '3.2.1',
38 silly pickManifestFromRegistryMetadata   '3.2.2',
38 silly pickManifestFromRegistryMetadata   '3.2.3',
38 silly pickManifestFromRegistryMetadata   '3.2.4',
38 silly pickManifestFromRegistryMetadata   '3.2.5',
38 silly pickManifestFromRegistryMetadata   '3.3.0',
38 silly pickManifestFromRegistryMetadata   '3.3.1',
38 silly pickManifestFromRegistryMetadata   '3.3.2',
38 silly pickManifestFromRegistryMetadata   '3.3.4',
38 silly pickManifestFromRegistryMetadata   '3.4.0',
38 silly pickManifestFromRegistryMetadata   '3.5.0',
38 silly pickManifestFromRegistryMetadata   '3.5.1',
38 silly pickManifestFromRegistryMetadata   '3.5.2',
38 silly pickManifestFromRegistryMetadata   '3.5.5',
38 silly pickManifestFromRegistryMetadata   '3.5.6',
38 silly pickManifestFromRegistryMetadata   '3.6.0',
38 silly pickManifestFromRegistryMetadata   '3.6.1',
38 silly pickManifestFromRegistryMetadata   '3.6.2',
38 silly pickManifestFromRegistryMetadata   '3.7.0',
38 silly pickManifestFromRegistryMetadata   '3.8.0',
38 silly pickManifestFromRegistryMetadata   '3.8.1',
38 silly pickManifestFromRegistryMetadata   '3.8.2',
38 silly pickManifestFromRegistryMetadata   '3.8.3',
38 silly pickManifestFromRegistryMetadata   '3.8.4',
38 silly pickManifestFromRegistryMetadata   '3.8.5',
38 silly pickManifestFromRegistryMetadata   '3.8.6',
38 silly pickManifestFromRegistryMetadata   '3.8.7',
38 silly pickManifestFromRegistryMetadata   '3.8.8',
38 silly pickManifestFromRegistryMetadata   '3.8.9',
38 silly pickManifestFromRegistryMetadata   '3.8.10',
38 silly pickManifestFromRegistryMetadata   '3.8.11',
38 silly pickManifestFromRegistryMetadata   '3.9.0',
38 silly pickManifestFromRegistryMetadata   '3.9.1' ]
39 silly fetchPackageMetaData Error: No compatible version found: gulp@4.0.0-alpha.2
39 silly fetchPackageMetaData Valid install targets:
39 silly fetchPackageMetaData 0.0.1, 0.0.2, 0.0.3, 0.0.4, 0.0.5, 0.0.7, 0.0.8, 0.0.9, 0.1.0, 0.2.0, 1.0.0, 1.1.0, 1.2.0, 1.2.1, 2.0.0, 2.0.1, 2.1.0, 2.2.0, 2.3.0, 2.4.0, 2.4.1, 2.6.0, 2.6.1, 2.7.0, 3.0.0, 3.1.1, 3.1.2, 3.1.3, 3.1.4, 3.2.0, 3.2.1, 3.2.2, 3.2.3, 3.2.4, 3.2.5, 3.3.0, 3.3.1, 3.3.2, 3.3.4, 3.4.0, 3.5.0, 3.5.1, 3.5.2, 3.5.5, 3.5.6, 3.6.0, 3.6.1, 3.6.2, 3.7.0, 3.8.0, 3.8.1, 3.8.2, 3.8.3, 3.8.4, 3.8.5, 3.8.6, 3.8.7, 3.8.8, 3.8.9, 3.8.10, 3.8.11, 3.9.0, 3.9.1
39 silly fetchPackageMetaData
39 silly fetchPackageMetaData     at pickVersionFromRegistryDocument (/usr/local/lib/node_modules/npm/lib/fetch-package-metadata.js:158:16)
39 silly fetchPackageMetaData     at /usr/local/lib/node_modules/npm/node_modules/iferr/index.js:13:50
39 silly fetchPackageMetaData     at /usr/local/lib/node_modules/npm/lib/utils/pulse-till-done.js:20:8
39 silly fetchPackageMetaData     at saved (/usr/local/lib/node_modules/npm/lib/cache/caching-client.js:174:7)
39 silly fetchPackageMetaData     at /usr/local/lib/node_modules/npm/node_modules/graceful-fs/polyfills.js:261:18
39 silly fetchPackageMetaData     at FSReqWrap.oncomplete (fs.js:114:15)
39 silly fetchPackageMetaData  error for gulp@4.0.0-alpha.2 { Error: No compatible version found: gulp@4.0.0-alpha.2
39 silly fetchPackageMetaData Valid install targets:
39 silly fetchPackageMetaData 0.0.1, 0.0.2, 0.0.3, 0.0.4, 0.0.5, 0.0.7, 0.0.8, 0.0.9, 0.1.0, 0.2.0, 1.0.0, 1.1.0, 1.2.0, 1.2.1, 2.0.0, 2.0.1, 2.1.0, 2.2.0, 2.3.0, 2.4.0, 2.4.1, 2.6.0, 2.6.1, 2.7.0, 3.0.0, 3.1.1, 3.1.2, 3.1.3, 3.1.4, 3.2.0, 3.2.1, 3.2.2, 3.2.3, 3.2.4, 3.2.5, 3.3.0, 3.3.1, 3.3.2, 3.3.4, 3.4.0, 3.5.0, 3.5.1, 3.5.2, 3.5.5, 3.5.6, 3.6.0, 3.6.1, 3.6.2, 3.7.0, 3.8.0, 3.8.1, 3.8.2, 3.8.3, 3.8.4, 3.8.5, 3.8.6, 3.8.7, 3.8.8, 3.8.9, 3.8.10, 3.8.11, 3.9.0, 3.9.1
39 silly fetchPackageMetaData
39 silly fetchPackageMetaData     at pickVersionFromRegistryDocument (/usr/local/lib/node_modules/npm/lib/fetch-package-metadata.js:158:16)
39 silly fetchPackageMetaData     at /usr/local/lib/node_modules/npm/node_modules/iferr/index.js:13:50
39 silly fetchPackageMetaData     at /usr/local/lib/node_modules/npm/lib/utils/pulse-till-done.js:20:8
39 silly fetchPackageMetaData     at saved (/usr/local/lib/node_modules/npm/lib/cache/caching-client.js:174:7)
39 silly fetchPackageMetaData     at /usr/local/lib/node_modules/npm/node_modules/graceful-fs/polyfills.js:261:18
39 silly fetchPackageMetaData     at FSReqWrap.oncomplete (fs.js:114:15) code: 'ETARGET' }
40 silly rollbackFailedOptional Starting
41 silly rollbackFailedOptional Finishing
42 silly runTopLevelLifecycles Finishing
43 silly install printInstalled
44 verbose stack Error: No compatible version found: gulp@4.0.0-alpha.2
44 verbose stack Valid install targets:
44 verbose stack 0.0.1, 0.0.2, 0.0.3, 0.0.4, 0.0.5, 0.0.7, 0.0.8, 0.0.9, 0.1.0, 0.2.0, 1.0.0, 1.1.0, 1.2.0, 1.2.1, 2.0.0, 2.0.1, 2.1.0, 2.2.0, 2.3.0, 2.4.0, 2.4.1, 2.6.0, 2.6.1, 2.7.0, 3.0.0, 3.1.1, 3.1.2, 3.1.3, 3.1.4, 3.2.0, 3.2.1, 3.2.2, 3.2.3, 3.2.4, 3.2.5, 3.3.0, 3.3.1, 3.3.2, 3.3.4, 3.4.0, 3.5.0, 3.5.1, 3.5.2, 3.5.5, 3.5.6, 3.6.0, 3.6.1, 3.6.2, 3.7.0, 3.8.0, 3.8.1, 3.8.2, 3.8.3, 3.8.4, 3.8.5, 3.8.6, 3.8.7, 3.8.8, 3.8.9, 3.8.10, 3.8.11, 3.9.0, 3.9.1
44 verbose stack
44 verbose stack     at pickVersionFromRegistryDocument (/usr/local/lib/node_modules/npm/lib/fetch-package-metadata.js:158:16)
44 verbose stack     at /usr/local/lib/node_modules/npm/node_modules/iferr/index.js:13:50
44 verbose stack     at /usr/local/lib/node_modules/npm/lib/utils/pulse-till-done.js:20:8
44 verbose stack     at saved (/usr/local/lib/node_modules/npm/lib/cache/caching-client.js:174:7)
44 verbose stack     at /usr/local/lib/node_modules/npm/node_modules/graceful-fs/polyfills.js:261:18
44 verbose stack     at FSReqWrap.oncomplete (fs.js:114:15)
45 verbose cwd /usr/share/dev/projects/github/angular-mocks-async
46 error Linux 4.4.0-75-generic
47 error argv "/usr/local/bin/node" "/usr/local/bin/npm" "install"
48 error node v7.7.0
49 error npm  v4.1.2
50 error code ETARGET
51 error notarget No compatible version found: gulp@4.0.0-alpha.2
51 error notarget Valid install targets:
51 error notarget 0.0.1, 0.0.2, 0.0.3, 0.0.4, 0.0.5, 0.0.7, 0.0.8, 0.0.9, 0.1.0, 0.2.0, 1.0.0, 1.1.0, 1.2.0, 1.2.1, 2.0.0, 2.0.1, 2.1.0, 2.2.0, 2.3.0, 2.4.0, 2.4.1, 2.6.0, 2.6.1, 2.7.0, 3.0.0, 3.1.1, 3.1.2, 3.1.3, 3.1.4, 3.2.0, 3.2.1, 3.2.2, 3.2.3, 3.2.4, 3.2.5, 3.3.0, 3.3.1, 3.3.2, 3.3.4, 3.4.0, 3.5.0, 3.5.1, 3.5.2, 3.5.5, 3.5.6, 3.6.0, 3.6.1, 3.6.2, 3.7.0, 3.8.0, 3.8.1, 3.8.2, 3.8.3, 3.8.4, 3.8.5, 3.8.6, 3.8.7, 3.8.8, 3.8.9, 3.8.10, 3.8.11, 3.9.0, 3.9.1
52 error notarget This is most likely not a problem with npm itself.
52 error notarget In most cases you or one of your dependencies are requesting
52 error notarget a package version that doesn't exist.
52 error notarget
52 error notarget It was specified as a dependency of 'angular-mocks-async'
53 verbose exit [ 1, true ]
